<?xml version="1.0" encoding="UTF-8"?>
<!-- Generated by org.testng.reporters.JUnitXMLReporter -->
<testsuite ignored="0" hostname="VIJAY" failures="0" tests="4" name="Test" time="5.175" errors="0" timestamp="2024-04-18T15:20:29 IST">
  <testcase classname="ecom.LoginToApp" name="login" time="4.2"/>
  <testcase classname="ecom.AddProduct" name="addProduct" time="0.487"/>
  <testcase classname="ecom.PlaceOrder" name="placingOrder" time="0.178"/>
  <testcase classname="ecom.DeleteProduct" name="deleteProduct" time="0.224"/>
</testsuite> <!-- Test -->
