<?xml version="1.0" encoding="UTF-8"?>
<!-- Generated by org.testng.reporters.JUnitXMLReporter -->
<testsuite ignored="0" hostname="VIJAY" failures="0" tests="4" name="Test" time="5.029" errors="0" timestamp="2024-05-18T19:09:58 IST">
  <testcase classname="ecom.LoginToApp" name="login" time="4.072"/>
  <testcase classname="ecom.AddProduct" name="addProduct" time="0.499"/>
  <testcase classname="ecom.PlaceOrder" name="placingOrder" time="0.16"/>
  <testcase classname="ecom.DeleteProduct" name="deleteProduct" time="0.191"/>
</testsuite> <!-- Test -->
