<?xml version="1.0" encoding="UTF-8"?>
<testng-results ignored="0" total="1" passed="1" failed="0" skipped="0">
  <reporter-output>
  </reporter-output>
  <suite started-at="2024-05-23T20:30:41 IST" name="Default suite" finished-at="2024-05-23T20:30:45 IST" duration-ms="3164">
    <groups>
    </groups>
    <test started-at="2024-05-23T20:30:41 IST" name="Default test" finished-at="2024-05-23T20:30:45 IST" duration-ms="3164">
      <class name="practice.PostPractice">
        <test-method signature="postMethod()[pri:0, instance:practice.PostPractice@47eaca72]" started-at="2024-05-23T20:30:41 IST" name="postMethod" finished-at="2024-05-23T20:30:45 IST" duration-ms="3084" status="PASS">
          <reporter-output>
          </reporter-output>
        </test-method> <!-- postMethod -->
      </class> <!-- practice.PostPractice -->
    </test> <!-- Default test -->
  </suite> <!-- Default suite -->
</testng-results>
