<?xml version="1.0" encoding="UTF-8"?>
<testng-results ignored="0" total="1" passed="1" failed="0" skipped="0">
  <reporter-output>
  </reporter-output>
  <suite started-at="2024-05-09T01:26:50 IST" name="Default suite" finished-at="2024-05-09T01:26:54 IST" duration-ms="4243">
    <groups>
    </groups>
    <test started-at="2024-05-09T01:26:50 IST" name="Default test" finished-at="2024-05-09T01:26:54 IST" duration-ms="4243">
      <class name="codeStudio_Practice.Get_List_Users">
        <test-method signature="totalUsers()[pri:0, instance:codeStudio_Practice.Get_List_Users@7b98f307]" started-at="2024-05-09T01:26:50 IST" name="totalUsers" finished-at="2024-05-09T01:26:54 IST" duration-ms="4165" status="PASS">
          <reporter-output>
          </reporter-output>
        </test-method> <!-- totalUsers -->
      </class> <!-- codeStudio_Practice.Get_List_Users -->
    </test> <!-- Default test -->
  </suite> <!-- Default suite -->
</testng-results>
